c:\users\timos\desktop\graphics_2024\graphics_2024\x64\debug\vc143.pdb
c:\users\timos\desktop\graphics_2024\graphics_2024\x64\debug\vc143.idb
c:\users\timos\desktop\graphics_2024\graphics_2024\x64\debug\glad.obj
c:\users\timos\desktop\graphics_2024\graphics_2024\x64\debug\sunmodel.obj
c:\users\timos\desktop\graphics_2024\graphics_2024\x64\debug\planetmodel.obj
c:\users\timos\desktop\graphics_2024\graphics_2024\x64\debug\moonmodel.obj
c:\users\timos\desktop\graphics_2024\graphics_2024\x64\debug\camera.obj
c:\users\timos\desktop\graphics_2024\graphics_2024\x64\debug\earthmodel.obj
c:\users\timos\desktop\graphics_2024\graphics_2024\x64\debug\main.obj
c:\users\timos\desktop\graphics_2024\x64\debug\graphics_2024.exe
c:\users\timos\desktop\graphics_2024\graphics_2024\x64\debug\graphics_2024.ilk
c:\users\timos\desktop\graphics_2024\x64\debug\graphics_2024.pdb
c:\users\timos\desktop\graphics_2024\graphics_2024\x64\debug\graphics_2024.obj
c:\users\timos\desktop\graphics_2024\graphics_2024\x64\debug\graphics_2024.tlog\cl.command.1.tlog
c:\users\timos\desktop\graphics_2024\graphics_2024\x64\debug\graphics_2024.tlog\cl.items.tlog
c:\users\timos\desktop\graphics_2024\graphics_2024\x64\debug\graphics_2024.tlog\cl.read.1.tlog
c:\users\timos\desktop\graphics_2024\graphics_2024\x64\debug\graphics_2024.tlog\cl.write.1.tlog
c:\users\timos\desktop\graphics_2024\graphics_2024\x64\debug\graphics_2024.tlog\link.command.1.tlog
c:\users\timos\desktop\graphics_2024\graphics_2024\x64\debug\graphics_2024.tlog\link.read.1.tlog
c:\users\timos\desktop\graphics_2024\graphics_2024\x64\debug\graphics_2024.tlog\link.write.1.tlog
